TN:
SF:src\index.ts
FN:5,main
FN:56,(anonymous_9)
FNF:2
FNH:0
FNDA:0,main
FNDA:0,(anonymous_9)
DA:1,0
DA:2,0
DA:3,0
DA:6,0
DA:30,0
DA:31,0
DA:32,0
DA:38,0
DA:52,0
DA:53,0
DA:56,0
LF:11
LH:0
BRDA:25,0,0,0
BRDA:25,0,1,0
BRDA:34,1,0,0
BRDA:34,1,1,0
BRDA:34,2,0,0
BRDA:34,2,1,0
BRDA:34,3,0,0
BRDA:34,3,1,0
BRDA:34,4,0,0
BRDA:34,4,1,0
BRDA:41,5,0,0
BRDA:41,5,1,0
BRF:12
BRH:0
end_of_record
TN:
SF:src\email\email.client.ts
FN:10,(anonymous_8)
FN:16,(anonymous_9)
FN:22,(anonymous_11)
FN:23,(anonymous_12)
FN:25,(anonymous_13)
FN:29,(anonymous_14)
FN:40,(anonymous_15)
FN:42,(anonymous_16)
FN:42,(anonymous_17)
FN:53,(anonymous_18)
FN:61,(anonymous_19)
FN:68,streamToBuffer
FN:69,(anonymous_21)
FN:71,(anonymous_22)
FN:73,(anonymous_23)
FN:76,oo_cm
FN:76,oo_oo
FN:76,oo_tr
FN:76,oo_ts
FN:76,oo_te
FNF:20
FNH:3
FNDA:1,(anonymous_8)
FNDA:1,(anonymous_9)
FNDA:1,(anonymous_11)
FNDA:0,(anonymous_12)
FNDA:0,(anonymous_13)
FNDA:0,(anonymous_14)
FNDA:0,(anonymous_15)
FNDA:0,(anonymous_16)
FNDA:0,(anonymous_17)
FNDA:0,(anonymous_18)
FNDA:0,(anonymous_19)
FNDA:0,streamToBuffer
FNDA:0,(anonymous_21)
FNDA:0,(anonymous_22)
FNDA:0,(anonymous_23)
FNDA:0,oo_cm
FNDA:0,oo_oo
FNDA:0,oo_tr
FNDA:0,oo_ts
FNDA:0,oo_te
DA:6,1
DA:7,1
DA:9,1
DA:12,1
DA:17,1
DA:20,1
DA:22,1
DA:23,1
DA:25,0
DA:26,0
DA:29,0
DA:30,0
DA:33,0
DA:40,0
DA:42,0
DA:44,0
DA:46,0
DA:49,0
DA:52,0
DA:53,0
DA:54,0
DA:55,0
DA:60,1
DA:61,1
DA:62,1
DA:64,0
DA:69,0
DA:70,0
DA:71,0
DA:72,0
DA:73,0
DA:76,1
LF:32
LH:12
BRDA:26,0,0,0
BRDA:30,1,0,0
BRDA:76,2,0,0
BRDA:76,2,1,0
BRF:4
BRH:0
end_of_record
TN:
SF:src\email\email.service.ts
FN:6,(anonymous_7)
FN:8,(anonymous_8)
FNF:2
FNH:0
FNDA:0,(anonymous_7)
FNDA:0,(anonymous_8)
DA:5,0
DA:6,0
DA:9,0
DA:16,0
LF:4
LH:0
BRF:0
BRH:0
end_of_record
TN:
SF:src\email\index.ts
FN:15,(anonymous_7)
FN:18,(anonymous_8)
FNF:2
FNH:0
FNDA:0,(anonymous_7)
FNDA:0,(anonymous_8)
DA:6,1
DA:14,1
DA:15,0
DA:20,0
DA:21,0
DA:23,0
LF:6
LH:2
BRDA:24,0,0,0
BRDA:24,0,1,0
BRDA:24,1,0,0
BRDA:24,1,1,0
BRF:4
BRH:0
end_of_record
